[   45195ms] [WARNING] setPolicyInfo {versionInfo: Object, sdkInfo: Object, sentryInfo: Object} @ https://ssl.pstatic.net/tveta/libs/glad/prod/gfp-core.js:0
[   45934ms] [WARNING] Failed to execute 'postMessage' on 'DOMWindow': The target origin provided ('https://shopsquare.naver.com') does not match the recipient window's origin ('https://www.naver.com'). @ https://pm.pstatic.net/resources/js/main.1e8f9bf5.js?o=www:1
[   45934ms] [WARNING] Failed to execute 'postMessage' on 'DOMWindow': The target origin provided ('https://recoshopping.naver.com') does not match the recipient window's origin ('https://www.naver.com'). @ https://pm.pstatic.net/resources/js/main.1e8f9bf5.js?o=www:1
[   54234ms] [WARNING] setPolicyInfo {versionInfo: Object, sdkInfo: Object, sentryInfo: Object} @ https://ssl.pstatic.net/tveta/libs/glad/prod/gfp-core.js:0
[   78767ms] [WARNING] Failed to execute 'postMessage' on 'DOMWindow': The target origin provided ('https://shopsquare.naver.com') does not match the recipient window's origin ('https://www.naver.com'). @ https://pm.pstatic.net/resources/js/main.1e8f9bf5.js?o=www:1
[   78768ms] [WARNING] Failed to execute 'postMessage' on 'DOMWindow': The target origin provided ('https://recoshopping.naver.com') does not match the recipient window's origin ('https://www.naver.com'). @ https://pm.pstatic.net/resources/js/main.1e8f9bf5.js?o=www:1
[ 1881920ms] [WARNING] Failed to execute 'postMessage' on 'DOMWindow': The target origin provided ('https://shopsquare.naver.com') does not match the recipient window's origin ('https://www.naver.com'). @ https://pm.pstatic.net/resources/js/main.1e8f9bf5.js?o=www:1
[ 1881920ms] [WARNING] Failed to execute 'postMessage' on 'DOMWindow': The target origin provided ('https://recoshopping.naver.com') does not match the recipient window's origin ('https://www.naver.com'). @ https://pm.pstatic.net/resources/js/main.1e8f9bf5.js?o=www:1
[ 2482412ms] [WARNING] Failed to execute 'postMessage' on 'DOMWindow': The target origin provided ('https://shopsquare.naver.com') does not match the recipient window's origin ('https://www.naver.com'). @ https://pm.pstatic.net/resources/js/main.1e8f9bf5.js?o=www:1
[ 2482412ms] [WARNING] Failed to execute 'postMessage' on 'DOMWindow': The target origin provided ('https://recoshopping.naver.com') does not match the recipient window's origin ('https://www.naver.com'). @ https://pm.pstatic.net/resources/js/main.1e8f9bf5.js?o=www:1
[ 3082906ms] [WARNING] Failed to execute 'postMessage' on 'DOMWindow': The target origin provided ('https://shopsquare.naver.com') does not match the recipient window's origin ('https://www.naver.com'). @ https://pm.pstatic.net/resources/js/main.1e8f9bf5.js?o=www:1
[ 3082907ms] [WARNING] Failed to execute 'postMessage' on 'DOMWindow': The target origin provided ('https://recoshopping.naver.com') does not match the recipient window's origin ('https://www.naver.com'). @ https://pm.pstatic.net/resources/js/main.1e8f9bf5.js?o=www:1
[ 3683419ms] [WARNING] Failed to execute 'postMessage' on 'DOMWindow': The target origin provided ('https://shopsquare.naver.com') does not match the recipient window's origin ('https://www.naver.com'). @ https://pm.pstatic.net/resources/js/main.1e8f9bf5.js?o=www:1
[ 3683420ms] [WARNING] Failed to execute 'postMessage' on 'DOMWindow': The target origin provided ('https://recoshopping.naver.com') does not match the recipient window's origin ('https://www.naver.com'). @ https://pm.pstatic.net/resources/js/main.1e8f9bf5.js?o=www:1
[ 4283891ms] [WARNING] Failed to execute 'postMessage' on 'DOMWindow': The target origin provided ('https://shopsquare.naver.com') does not match the recipient window's origin ('https://www.naver.com'). @ https://pm.pstatic.net/resources/js/main.1e8f9bf5.js?o=www:1
[ 4283891ms] [WARNING] Failed to execute 'postMessage' on 'DOMWindow': The target origin provided ('https://recoshopping.naver.com') does not match the recipient window's origin ('https://www.naver.com'). @ https://pm.pstatic.net/resources/js/main.1e8f9bf5.js?o=www:1
[ 4884339ms] [WARNING] Failed to execute 'postMessage' on 'DOMWindow': The target origin provided ('https://shopsquare.naver.com') does not match the recipient window's origin ('https://www.naver.com'). @ https://pm.pstatic.net/resources/js/main.1e8f9bf5.js?o=www:1
[ 4884340ms] [WARNING] Failed to execute 'postMessage' on 'DOMWindow': The target origin provided ('https://recoshopping.naver.com') does not match the recipient window's origin ('https://www.naver.com'). @ https://pm.pstatic.net/resources/js/main.1e8f9bf5.js?o=www:1
[ 5484811ms] [WARNING] Failed to execute 'postMessage' on 'DOMWindow': The target origin provided ('https://shopsquare.naver.com') does not match the recipient window's origin ('https://www.naver.com'). @ https://pm.pstatic.net/resources/js/main.1e8f9bf5.js?o=www:1
[ 5484811ms] [WARNING] Failed to execute 'postMessage' on 'DOMWindow': The target origin provided ('https://recoshopping.naver.com') does not match the recipient window's origin ('https://www.naver.com'). @ https://pm.pstatic.net/resources/js/main.1e8f9bf5.js?o=www:1
[ 6085308ms] [WARNING] Failed to execute 'postMessage' on 'DOMWindow': The target origin provided ('https://shopsquare.naver.com') does not match the recipient window's origin ('https://www.naver.com'). @ https://pm.pstatic.net/resources/js/main.1e8f9bf5.js?o=www:1
[ 6085308ms] [WARNING] Failed to execute 'postMessage' on 'DOMWindow': The target origin provided ('https://recoshopping.naver.com') does not match the recipient window's origin ('https://www.naver.com'). @ https://pm.pstatic.net/resources/js/main.1e8f9bf5.js?o=www:1
[ 6685762ms] [WARNING] Failed to execute 'postMessage' on 'DOMWindow': The target origin provided ('https://shopsquare.naver.com') does not match the recipient window's origin ('https://www.naver.com'). @ https://pm.pstatic.net/resources/js/main.1e8f9bf5.js?o=www:1
[ 6685762ms] [WARNING] Failed to execute 'postMessage' on 'DOMWindow': The target origin provided ('https://recoshopping.naver.com') does not match the recipient window's origin ('https://www.naver.com'). @ https://pm.pstatic.net/resources/js/main.1e8f9bf5.js?o=www:1
[ 7286262ms] [WARNING] Failed to execute 'postMessage' on 'DOMWindow': The target origin provided ('https://shopsquare.naver.com') does not match the recipient window's origin ('https://www.naver.com'). @ https://pm.pstatic.net/resources/js/main.1e8f9bf5.js?o=www:1
[ 7286262ms] [WARNING] Failed to execute 'postMessage' on 'DOMWindow': The target origin provided ('https://recoshopping.naver.com') does not match the recipient window's origin ('https://www.naver.com'). @ https://pm.pstatic.net/resources/js/main.1e8f9bf5.js?o=www:1
[ 7886820ms] [WARNING] Failed to execute 'postMessage' on 'DOMWindow': The target origin provided ('https://shopsquare.naver.com') does not match the recipient window's origin ('https://www.naver.com'). @ https://pm.pstatic.net/resources/js/main.1e8f9bf5.js?o=www:1
[ 7886820ms] [WARNING] Failed to execute 'postMessage' on 'DOMWindow': The target origin provided ('https://recoshopping.naver.com') does not match the recipient window's origin ('https://www.naver.com'). @ https://pm.pstatic.net/resources/js/main.1e8f9bf5.js?o=www:1
[ 8487385ms] [WARNING] Failed to execute 'postMessage' on 'DOMWindow': The target origin provided ('https://shopsquare.naver.com') does not match the recipient window's origin ('https://www.naver.com'). @ https://pm.pstatic.net/resources/js/main.1e8f9bf5.js?o=www:1
[ 8487385ms] [WARNING] Failed to execute 'postMessage' on 'DOMWindow': The target origin provided ('https://recoshopping.naver.com') does not match the recipient window's origin ('https://www.naver.com'). @ https://pm.pstatic.net/resources/js/main.1e8f9bf5.js?o=www:1
[ 9087961ms] [WARNING] Failed to execute 'postMessage' on 'DOMWindow': The target origin provided ('https://shopsquare.naver.com') does not match the recipient window's origin ('https://www.naver.com'). @ https://pm.pstatic.net/resources/js/main.1e8f9bf5.js?o=www:1
[ 9087961ms] [WARNING] Failed to execute 'postMessage' on 'DOMWindow': The target origin provided ('https://recoshopping.naver.com') does not match the recipient window's origin ('https://www.naver.com'). @ https://pm.pstatic.net/resources/js/main.1e8f9bf5.js?o=www:1
[ 9688439ms] [WARNING] Failed to execute 'postMessage' on 'DOMWindow': The target origin provided ('https://shopsquare.naver.com') does not match the recipient window's origin ('https://www.naver.com'). @ https://pm.pstatic.net/resources/js/main.1e8f9bf5.js?o=www:1
[ 9688439ms] [WARNING] Failed to execute 'postMessage' on 'DOMWindow': The target origin provided ('https://recoshopping.naver.com') does not match the recipient window's origin ('https://www.naver.com'). @ https://pm.pstatic.net/resources/js/main.1e8f9bf5.js?o=www:1
[10288941ms] [WARNING] Failed to execute 'postMessage' on 'DOMWindow': The target origin provided ('https://shopsquare.naver.com') does not match the recipient window's origin ('https://www.naver.com'). @ https://pm.pstatic.net/resources/js/main.1e8f9bf5.js?o=www:1
[10288942ms] [WARNING] Failed to execute 'postMessage' on 'DOMWindow': The target origin provided ('https://recoshopping.naver.com') does not match the recipient window's origin ('https://www.naver.com'). @ https://pm.pstatic.net/resources/js/main.1e8f9bf5.js?o=www:1
[10889302ms] [ERROR] Fail to create FourColumn. no materials @ https://pm.pstatic.net/resources/js/preload.64eafa7d.js?o=www:1
[10889470ms] [WARNING] Failed to execute 'postMessage' on 'DOMWindow': The target origin provided ('https://shopsquare.naver.com') does not match the recipient window's origin ('https://www.naver.com'). @ https://pm.pstatic.net/resources/js/main.1e8f9bf5.js?o=www:1
[10889470ms] [WARNING] Failed to execute 'postMessage' on 'DOMWindow': The target origin provided ('https://recoshopping.naver.com') does not match the recipient window's origin ('https://www.naver.com'). @ https://pm.pstatic.net/resources/js/main.1e8f9bf5.js?o=www:1
[11489914ms] [WARNING] Failed to execute 'postMessage' on 'DOMWindow': The target origin provided ('https://shopsquare.naver.com') does not match the recipient window's origin ('https://www.naver.com'). @ https://pm.pstatic.net/resources/js/main.1e8f9bf5.js?o=www:1
[11489914ms] [WARNING] Failed to execute 'postMessage' on 'DOMWindow': The target origin provided ('https://recoshopping.naver.com') does not match the recipient window's origin ('https://www.naver.com'). @ https://pm.pstatic.net/resources/js/main.1e8f9bf5.js?o=www:1
[12091423ms] [ERROR] Fail to create FourColumn. no materials @ https://pm.pstatic.net/resources/js/preload.64eafa7d.js?o=www:1
[12091567ms] [WARNING] Failed to execute 'postMessage' on 'DOMWindow': The target origin provided ('https://shopsquare.naver.com') does not match the recipient window's origin ('https://www.naver.com'). @ https://pm.pstatic.net/resources/js/main.1e8f9bf5.js?o=www:1
[12091567ms] [WARNING] Failed to execute 'postMessage' on 'DOMWindow': The target origin provided ('https://recoshopping.naver.com') does not match the recipient window's origin ('https://www.naver.com'). @ https://pm.pstatic.net/resources/js/main.1e8f9bf5.js?o=www:1
[12692034ms] [WARNING] Failed to execute 'postMessage' on 'DOMWindow': The target origin provided ('https://shopsquare.naver.com') does not match the recipient window's origin ('https://www.naver.com'). @ https://pm.pstatic.net/resources/js/main.1e8f9bf5.js?o=www:1
[12692034ms] [WARNING] Failed to execute 'postMessage' on 'DOMWindow': The target origin provided ('https://recoshopping.naver.com') does not match the recipient window's origin ('https://www.naver.com'). @ https://pm.pstatic.net/resources/js/main.1e8f9bf5.js?o=www:1
[13292688ms] [WARNING] Failed to execute 'postMessage' on 'DOMWindow': The target origin provided ('https://shopsquare.naver.com') does not match the recipient window's origin ('https://www.naver.com'). @ https://pm.pstatic.net/resources/js/main.1e8f9bf5.js?o=www:1
[13292688ms] [WARNING] Failed to execute 'postMessage' on 'DOMWindow': The target origin provided ('https://recoshopping.naver.com') does not match the recipient window's origin ('https://www.naver.com'). @ https://pm.pstatic.net/resources/js/main.1e8f9bf5.js?o=www:1
[13893134ms] [WARNING] Failed to execute 'postMessage' on 'DOMWindow': The target origin provided ('https://shopsquare.naver.com') does not match the recipient window's origin ('https://www.naver.com'). @ https://pm.pstatic.net/resources/js/main.1e8f9bf5.js?o=www:1
[13893134ms] [WARNING] Failed to execute 'postMessage' on 'DOMWindow': The target origin provided ('https://recoshopping.naver.com') does not match the recipient window's origin ('https://www.naver.com'). @ https://pm.pstatic.net/resources/js/main.1e8f9bf5.js?o=www:1
[14493656ms] [WARNING] Failed to execute 'postMessage' on 'DOMWindow': The target origin provided ('https://shopsquare.naver.com') does not match the recipient window's origin ('https://www.naver.com'). @ https://pm.pstatic.net/resources/js/main.1e8f9bf5.js?o=www:1
[14493657ms] [WARNING] Failed to execute 'postMessage' on 'DOMWindow': The target origin provided ('https://recoshopping.naver.com') does not match the recipient window's origin ('https://www.naver.com'). @ https://pm.pstatic.net/resources/js/main.1e8f9bf5.js?o=www:1
[15094141ms] [WARNING] Failed to execute 'postMessage' on 'DOMWindow': The target origin provided ('https://shopsquare.naver.com') does not match the recipient window's origin ('https://www.naver.com'). @ https://pm.pstatic.net/resources/js/main.1e8f9bf5.js?o=www:1
[15094141ms] [WARNING] Failed to execute 'postMessage' on 'DOMWindow': The target origin provided ('https://recoshopping.naver.com') does not match the recipient window's origin ('https://www.naver.com'). @ https://pm.pstatic.net/resources/js/main.1e8f9bf5.js?o=www:1
[15694471ms] [ERROR] Fail to create FourColumn. no materials @ https://pm.pstatic.net/resources/js/preload.64eafa7d.js?o=www:1
[15694615ms] [WARNING] Failed to execute 'postMessage' on 'DOMWindow': The target origin provided ('https://shopsquare.naver.com') does not match the recipient window's origin ('https://www.naver.com'). @ https://pm.pstatic.net/resources/js/main.1e8f9bf5.js?o=www:1
[15694616ms] [WARNING] Failed to execute 'postMessage' on 'DOMWindow': The target origin provided ('https://recoshopping.naver.com') does not match the recipient window's origin ('https://www.naver.com'). @ https://pm.pstatic.net/resources/js/main.1e8f9bf5.js?o=www:1
[16295106ms] [WARNING] Failed to execute 'postMessage' on 'DOMWindow': The target origin provided ('https://shopsquare.naver.com') does not match the recipient window's origin ('https://www.naver.com'). @ https://pm.pstatic.net/resources/js/main.1e8f9bf5.js?o=www:1
[16295106ms] [WARNING] Failed to execute 'postMessage' on 'DOMWindow': The target origin provided ('https://recoshopping.naver.com') does not match the recipient window's origin ('https://www.naver.com'). @ https://pm.pstatic.net/resources/js/main.1e8f9bf5.js?o=www:1
[16895578ms] [WARNING] Failed to execute 'postMessage' on 'DOMWindow': The target origin provided ('https://shopsquare.naver.com') does not match the recipient window's origin ('https://www.naver.com'). @ https://pm.pstatic.net/resources/js/main.1e8f9bf5.js?o=www:1
[16895578ms] [WARNING] Failed to execute 'postMessage' on 'DOMWindow': The target origin provided ('https://recoshopping.naver.com') does not match the recipient window's origin ('https://www.naver.com'). @ https://pm.pstatic.net/resources/js/main.1e8f9bf5.js?o=www:1
[17496063ms] [WARNING] Failed to execute 'postMessage' on 'DOMWindow': The target origin provided ('https://shopsquare.naver.com') does not match the recipient window's origin ('https://www.naver.com'). @ https://pm.pstatic.net/resources/js/main.1e8f9bf5.js?o=www:1
[17496064ms] [WARNING] Failed to execute 'postMessage' on 'DOMWindow': The target origin provided ('https://recoshopping.naver.com') does not match the recipient window's origin ('https://www.naver.com'). @ https://pm.pstatic.net/resources/js/main.1e8f9bf5.js?o=www:1
[18096580ms] [WARNING] Failed to execute 'postMessage' on 'DOMWindow': The target origin provided ('https://shopsquare.naver.com') does not match the recipient window's origin ('https://www.naver.com'). @ https://pm.pstatic.net/resources/js/main.1e8f9bf5.js?o=www:1
[18096580ms] [WARNING] Failed to execute 'postMessage' on 'DOMWindow': The target origin provided ('https://recoshopping.naver.com') does not match the recipient window's origin ('https://www.naver.com'). @ https://pm.pstatic.net/resources/js/main.1e8f9bf5.js?o=www:1
[18697029ms] [WARNING] Failed to execute 'postMessage' on 'DOMWindow': The target origin provided ('https://shopsquare.naver.com') does not match the recipient window's origin ('https://www.naver.com'). @ https://pm.pstatic.net/resources/js/main.1e8f9bf5.js?o=www:1
[18697030ms] [WARNING] Failed to execute 'postMessage' on 'DOMWindow': The target origin provided ('https://recoshopping.naver.com') does not match the recipient window's origin ('https://www.naver.com'). @ https://pm.pstatic.net/resources/js/main.1e8f9bf5.js?o=www:1
[19297499ms] [WARNING] Failed to execute 'postMessage' on 'DOMWindow': The target origin provided ('https://shopsquare.naver.com') does not match the recipient window's origin ('https://www.naver.com'). @ https://pm.pstatic.net/resources/js/main.1e8f9bf5.js?o=www:1
[19297499ms] [WARNING] Failed to execute 'postMessage' on 'DOMWindow': The target origin provided ('https://recoshopping.naver.com') does not match the recipient window's origin ('https://www.naver.com'). @ https://pm.pstatic.net/resources/js/main.1e8f9bf5.js?o=www:1
[19897975ms] [WARNING] Failed to execute 'postMessage' on 'DOMWindow': The target origin provided ('https://shopsquare.naver.com') does not match the recipient window's origin ('https://www.naver.com'). @ https://pm.pstatic.net/resources/js/main.1e8f9bf5.js?o=www:1
[19897975ms] [WARNING] Failed to execute 'postMessage' on 'DOMWindow': The target origin provided ('https://recoshopping.naver.com') does not match the recipient window's origin ('https://www.naver.com'). @ https://pm.pstatic.net/resources/js/main.1e8f9bf5.js?o=www:1
[20498431ms] [WARNING] Failed to execute 'postMessage' on 'DOMWindow': The target origin provided ('https://shopsquare.naver.com') does not match the recipient window's origin ('https://www.naver.com'). @ https://pm.pstatic.net/resources/js/main.1e8f9bf5.js?o=www:1
[20498432ms] [WARNING] Failed to execute 'postMessage' on 'DOMWindow': The target origin provided ('https://recoshopping.naver.com') does not match the recipient window's origin ('https://www.naver.com'). @ https://pm.pstatic.net/resources/js/main.1e8f9bf5.js?o=www:1
[21098770ms] [ERROR] Fail to create FourColumn. no materials @ https://pm.pstatic.net/resources/js/preload.64eafa7d.js?o=www:1
[21098929ms] [WARNING] Failed to execute 'postMessage' on 'DOMWindow': The target origin provided ('https://shopsquare.naver.com') does not match the recipient window's origin ('https://www.naver.com'). @ https://pm.pstatic.net/resources/js/main.1e8f9bf5.js?o=www:1
[21098929ms] [WARNING] Failed to execute 'postMessage' on 'DOMWindow': The target origin provided ('https://recoshopping.naver.com') does not match the recipient window's origin ('https://www.naver.com'). @ https://pm.pstatic.net/resources/js/main.1e8f9bf5.js?o=www:1
[21699428ms] [WARNING] Failed to execute 'postMessage' on 'DOMWindow': The target origin provided ('https://shopsquare.naver.com') does not match the recipient window's origin ('https://www.naver.com'). @ https://pm.pstatic.net/resources/js/main.1e8f9bf5.js?o=www:1
[21699428ms] [WARNING] Failed to execute 'postMessage' on 'DOMWindow': The target origin provided ('https://recoshopping.naver.com') does not match the recipient window's origin ('https://www.naver.com'). @ https://pm.pstatic.net/resources/js/main.1e8f9bf5.js?o=www:1
